Turbo Assembler	 Version 4.1	    12/13/21 17:03:01	    Page 1
BASE.ASM



      1				     ;------------------------------------------
      2				     ; PURPOSE : Test number 1
      3				     ; SYSTEM  : Turbo Assembler Ideal Mode
      4				     ; AUTHOR  :
      5				     ;------------------------------------------
      6
      7						     IDEAL
      8
      9	0000					     MODEL small
     10
     11	0000					     STACK 256
     12
     13	0100					     DATASEG
     14
     15
     16	0000					     CODESEG
     17	0000			     Start:
     18	0000  B8 0000s			     mov ax, @data
     19	0003  8E D8			     mov ds, ax
     20
     21	0005			     Exit:
     22	0005  B8 4C00			     mov ax, 4C00h
     23	0008  CD 21			     int 21h
     24						     END start
Turbo Assembler	 Version 4.1	    12/13/21 17:03:01	    Page 2
Symbol Table




Symbol Name			  Type	 Value

??DATE				  Text	 "12/13/21"
??FILENAME			  Text	 "BASE	  "
??TIME				  Text	 "17:03:01"
??VERSION			  Number 040A
@32BIT				  Text	 0
@CODE				  Text	 _TEXT
@CODESIZE			  Text	 0
@CPU				  Text	 0101H
@CURSEG				  Text	 _TEXT
@DATA				  Text	 DGROUP
@DATASIZE			  Text	 0
@FILENAME			  Text	 BASE
@INTERFACE			  Text	 000H
@MODEL				  Text	 2
@STACK				  Text	 DGROUP
@WORDSIZE			  Text	 2
EXIT				  Near	 _TEXT:0005
START				  Near	 _TEXT:0000

Groups & Segments		  Bit Size Align  Combine Class

DGROUP				  Group
  STACK				  16  0100 Para	  Stack	  STACK
  _DATA				  16  0000 Word	  Public  DATA
_TEXT				  16  000A Word	  Public  CODE
